<?xml version="1.0" encoding="UTF-8"?>
<!-- Generated by org.testng.reporters.JUnitReportReporter -->
<testsuite hostname="FVFHXBDLQ6LR" failures="0" tests="4" name="testngpackage.Assignment3" time="56.816" errors="0" timestamp="2023-05-15T10:49:51 IST" skipped="0">
  <testcase classname="testngpackage.Assignment3" name="launchapp" time="0.750"/>
  <system-out/>
  <testcase classname="testngpackage.Assignment3" name="test01" time="25.662"/>
  <system-out/>
  <testcase classname="testngpackage.Assignment3" name="test02" time="16.976"/>
  <system-out/>
  <testcase classname="testngpackage.Assignment3" name="test03" time="13.428"/>
  <system-out/>
</testsuite> <!-- testngpackage.Assignment3 -->
